All started at 2015_05_01
All started at 2015_05_01
All started at 2015_05_01
Wgets started at 2015_05_01
Utilities started at 2015_05_01
Office started at 2015_05_01
Office started at 2015_05_01
Office started at 2015_05_01
Office started at 2015_05_01
Creative started at 2015_05_01
Office started at 2015_05_01
Wgets started at 2015_05_01
Wgets started at 2015_05_01
Wgets started at 2015_05_01
Wgets started at 2015_05_01
Wgets started at 2015_05_01
Wgets started at 2015_05_01
Office started at 2015_05_01
Package Manager: apt
Package Manager: apt
Package Manager: apt
Package Manager: apt
Package Manager: apt
Package Manager: apt
Package Manager: apt
Package Manager: apt
Package Manager: apt
Package Manager: apt
Package Manager: apt
Package Manager: apt
Package Manager: apt
Package Manager: apt
Package Manager: apt
Package Manager: apt
Package Manager: apt
Package Manager: apt
Package Manager: apt
Package Manager: apt
Utilities started at 2015_05_01
Package Manager: apt
Utilities started at 2015_05_01
Package Manager: apt
All started at 2015_05_01
Package Manager: apt
Wgets started at 2015_05_01
Download index.html is of unknown type. www.gmer.net/#files
Download Thunderbird-Setup-31.6.0.exe is of unknown type. www.gmer.net/#files
Download VirtualBox-4.3.26-98988-Win.exe is of unknown type. www.gmer.net/#files
Download virus-removal-tool.aspx is of unknown type. www.sophos.com/en-us/products/free-tools/virus-removal-tool.aspx
Package Manager: apt
Creative started at 2015_05_01
Download incomplete: http://www.majorgeeks.com/mg/get/krita_studio,1.html
Download incomplete: http://www.majorgeeks.com/mg/get/krita_studio,2.html
Package Manager: apt
Office started at 2015_05_01
Package Manager: apt
Office started at 2015_05_05
Package Manager: apt
Package Manager: apt
Office started at 2015_05_08
Package Manager: apt
Office started at 2015_05_08
Package Manager: apt
Office started at 2015_05_08
Package Manager: apt
Office started at 2015_05_08
Package Manager: apt
Office started at 2015_05_08
Package Manager: apt
Antivirus started at 2015_05_08
Package Manager: apt
Antivirus started at 2015_05_08
Package Manager: apt
Antivirus started at 2015_05_08
Package Manager: apt
Antivirus started at 2015_05_08
Package Manager: apt
Antivirus started at 2015_05_08
Package Manager: apt
office started at 2015_05_08
Download incomplete: http://www.majorgeeks.com/mg/get/libreoffice_productivity_suite,1.html
Download incomplete: http://www.majorgeeks.com/mg/get/mozilla_thunderbird_17_05_final,1.html
Download incomplete: http://www.majorgeeks.com/mg/getmirror/foxit_reader,1.html
Download incomplete: http://www.majorgeeks.com/mg/getmirror/apache_openoffice_org_for_windows,1.html
Download incomplete: http://www.majorgeeks.com/mg/getmirror/imgburn,1.html
Package Manager: apt
office started at 2015_05_08
Download incomplete: http://www.majorgeeks.com/mg/get/libreoffice_productivity_suite,1.html
Download incomplete: http://www.majorgeeks.com/mg/getmirror/foxit_reader,1.html
Download incomplete: exit
office started at 2015_05_08
office started at 2015_05_08
office started at 2015_05_08
office started at 2015_05_08
Package Manager: apt
Package Manager: apt
office started at 2015_05_08
Package Manager: apt
office started at 2015_05_08
office started at 2015_05_08
Package Manager: apt
utilities started at 2015_06_05
Download incomplete: http://www.majorgeeks.com/mg/get/teracopy,1.html
Download incomplete: http://www.majorgeeks.com/mg/getmirror/notepad2,1.html
Download incomplete: http://www.majorgeeks.com/mg/get/7_zip,2.html
Download incomplete: http://www.majorgeeks.com/mg/get/7_zip,3.html
Download incomplete: http://www.majorgeeks.com/mg/getmirror/filezilla,2.html
Download incomplete: http://www.majorgeeks.com/mg/get/mozilla_firefox_beta,1.html
Download incomplete: http://www.majorgeeks.com/mg/get/google_chrome_26_1410_64_stable,1.html
Download incomplete: http://www.majorgeeks.com/mg/getmirror/chromium,1.html
Download incomplete: http://www.majorgeeks.com/mg/get/astra_advanced_sysinfo_tool,1.html
Download calibre-2.30.0.msi is of unknown type. http://www.majorgeeks.com/mg/get/calibre,1.html
Download incomplete: http://www.majorgeeks.com/mg/getmirror/aida32_personal_system_information,1.html
Download incomplete: http://www.majorgeeks.com/mg/get/hwmonitor,1.html
Download incomplete: exit
Package Manager: apt
all started at 2015_06_23
Download incomplete:
Download incomplete:
Download incomplete:
Download incomplete:
Download incomplete:
Download incomplete:
Download incomplete:
Download incomplete:
Download incomplete:
Download incomplete:
Download incomplete:
Download incomplete:
Download incomplete:
Download incomplete:
Download incomplete:
Download incomplete:
Download incomplete:
Download incomplete:
Download incomplete:
Download incomplete:
Download incomplete:
Download incomplete:
Download incomplete:
Download incomplete:
Download incomplete:
Download incomplete:
Download incomplete:
Download incomplete:
Download incomplete:
Download incomplete:
Download incomplete:
Download incomplete:
Download incomplete:
Download incomplete:
Download incomplete:
Download incomplete:
Download incomplete:
Download incomplete:
Download incomplete:
Download incomplete:
Download incomplete:
Download incomplete:
Download incomplete:
Download incomplete:
Download incomplete:
Download incomplete:
Download incomplete:
Download incomplete:
Download incomplete:
Download incomplete:
Download incomplete:
Download incomplete:
Download incomplete:
Download incomplete:
Download incomplete:
Download incomplete:
Download incomplete:
Download incomplete:
Download incomplete:
Download incomplete:
Download incomplete:
Download incomplete:
Download incomplete:
Download incomplete:
Download incomplete:
Download incomplete:
Download incomplete:
Download incomplete:
Download incomplete:
Download incomplete:
Download incomplete:
Download incomplete:
Download incomplete:
Download incomplete:
Download incomplete:
Download incomplete:
Download incomplete:
Download incomplete:
Download incomplete:
Download incomplete:
Download incomplete:
Download incomplete:
Download incomplete:
Download incomplete:
Download incomplete:
Package Manager: apt
utilities started at 2015_06_23
Download incomplete: http://www.majorgeeks.com/mg/getmirror/notepad2,1.html
Download incomplete: http://www.majorgeeks.com/mg/get/7_zip,2.html
Download incomplete: http://www.majorgeeks.com/mg/get/7_zip,3.html
Download incomplete: http://www.majorgeeks.com/mg/getmirror/filezilla,2.html
Download incomplete: http://www.majorgeeks.com/mg/getmirror/sun_java_runtime_environment,1.html
Download incomplete: http://www.majorgeeks.com/mg/get/comodo_dragon,1.html
Package Manager: apt
Package Manager: apt
Package Manager: apt
Package Manager: apt
Package Manager: apt
Package Manager: apt
Package Manager: apt
Package Manager: apt
Package Manager: apt
Package Manager: apt
Package Manager: apt
Package Manager: apt
Package Manager: apt
Package Manager: apt
Package Manager: apt
Package Manager: apt
Package Manager: apt
Package Manager: apt
Package Manager: apt
Package Manager: apt
Package Manager: apt
Package Manager: apt
Package Manager: apt
Package Manager: apt
Package Manager: apt
Package Manager: apt
Package Manager: apt
Package Manager: apt
Package Manager: apt
Package Manager: apt
Package Manager: apt
Package Manager: apt
Package Manager: apt
Package Manager: apt
Package Manager: apt
Package Manager: apt
Package Manager: apt
Package Manager: apt
Package Manager: apt
Package Manager: apt
Package Manager: apt
Package Manager: apt
Package Manager: apt
Package Manager: apt
Package Manager: apt
Package Manager: apt
Package Manager: apt
Package Manager: apt
Package Manager: apt
Package Manager: apt
Package Manager: apt
Package Manager: apt
Package Manager: apt
Package Manager: apt
Package Manager: apt
Package Manager: apt
Package Manager: apt
Package Manager: apt
Package Manager: apt
Package Manager: apt
Package Manager: apt
Package Manager: apt
Package Manager: apt
Package Manager: apt
Package Manager: apt
Package Manager: apt
Package Manager: apt
Package Manager: apt
Package Manager: apt
Package Manager: apt
Package Manager: apt
Package Manager: apt
Package Manager: apt
Package Manager: apt
Package Manager: apt
Package Manager: apt
Package Manager: apt
Package Manager: apt
Package Manager: apt
Package Manager: apt
Package Manager: apt
Package Manager: apt
Package Manager: apt
Package Manager: apt
Package Manager: apt
Package Manager: apt
Package Manager: apt
Package Manager: apt
Package Manager: apt
Package Manager: apt
Package Manager: apt
Package Manager: apt
Package Manager: apt
Package Manager: apt
Package Manager: apt
Package Manager: apt
Package Manager: apt
Package Manager: apt
Package Manager: apt
Package Manager: apt
Package Manager: apt
Package Manager: apt
Package Manager: apt
all started at 2015_07_07
Download incomplete:
Download incomplete:
Download incomplete:
Download incomplete:
Download incomplete:
Download incomplete:
Download incomplete:
Download incomplete:
Download incomplete:
Download incomplete:
Download incomplete:
Download incomplete:
Download incomplete:
Download incomplete:
Download incomplete:
Download incomplete:
Download incomplete:
Download incomplete:
Download incomplete:
Download incomplete:
Download incomplete:
Download incomplete:
Download incomplete:
Download incomplete:
Download incomplete:
Download incomplete:
Download incomplete:
Download incomplete:
Download incomplete:
Download incomplete:
Download incomplete:
Download incomplete:
Download incomplete:
Download incomplete:
Download incomplete:
Download incomplete:
Download incomplete:
Download incomplete:
Download incomplete:
Download incomplete:
Package Manager: apt
utilities started at 2015_07_07
Download incomplete: http://www.majorgeeks.com/mg/getmirror/notepad2,1.html
Download incomplete: http://www.majorgeeks.com/mg/get/7_zip,2.html
Download incomplete: http://www.majorgeeks.com/mg/get/7_zip,3.html
Download incomplete: http://www.majorgeeks.com/mg/getmirror/filezilla,2.html
Download incomplete: http://www.majorgeeks.com/mg/get/mozilla_firefox_beta,1.html
Download incomplete: http://www.majorgeeks.com/mg/get/google_chrome_26_1410_64_stable,1.html
Download incomplete: http://www.majorgeeks.com/mg/getmirror/chromium,1.html
Download incomplete: http://www.majorgeeks.com/mg/get/astra_advanced_sysinfo_tool,1.html
Download incomplete: http://www.majorgeeks.com/mg/get/openvpn,1.html
Download calibre-2.31.0.msi is of unknown type. http://www.majorgeeks.com/mg/get/calibre,1.html failed
Download incomplete: http://www.majorgeeks.com/mg/getmirror/aida32_personal_system_information,1.html
Download incomplete: http://www.majorgeeks.com/mg/get/hwmonitor,1.html
Download incomplete: exit
utilities started at 2015_07_10
Package Manager: apt
utilities started at 2015_07_11
Download incomplete: http://www.majorgeeks.com/mg/get/virtualbox,1.html
Download incomplete: http://www.majorgeeks.com/mg/get/teracopy,1.html
Download incomplete: http://www.majorgeeks.com/mg/getmirror/notepad2,1.html
Download incomplete: http://www.majorgeeks.com/mg/get/notepad2,2.html
Download incomplete: http://www.majorgeeks.com/mg/get/7_zip,2.html
Download incomplete: http://www.majorgeeks.com/mg/get/7_zip,3.html
